<?xml version="1.0" encoding="UTF-8"?>
<!-- Generated by org.testng.reporters.JUnitXMLReporter -->
<testsuite hostname="SOFT15" ignored="0" name="MyFleetTestData" tests="5" failures="0" timestamp="20 Jan 2021 10:34:39 GMT" time="85.383" errors="0">
  <testcase name="VerifyloginPage" time="23.07" classname="test.Test_GridFilter"/>
  <testcase name="VerifyGridPTitle" time="16.778" classname="test.Test_GridFilter"/>
  <testcase name="VerifyClientnameFilter" time="8.664" classname="test.Test_GridFilter"/>
  <testcase name="VerifyInvoicedateFilter" time="10.383" classname="test.Test_GridFilter"/>
  <testcase name="VerifyInvoicenumberFilter" time="8.439" classname="test.Test_GridFilter"/>
</testsuite> <!-- MyFleetTestData -->
